Results of cspell linter (version 8.14.1)
See documentation on https://megalinter.io/8.0.0/descriptors/spell_cspell/
-----------------------------------------------

❌ [ERROR] for workspace /tmp/lint
Linter raw log:
1/8 c07b6764-d933-4c0b-9a6c-54d1905b822f-megalinter_file_names_cspell.txt 1946.04ms
2/8 Chart.yaml 1129.41ms X
Chart.yaml:2:7       - Unknown word (promyze)    -- name: promyze
	 Suggestions: [promise, promote, Promise, pome, prom]
Chart.yaml:6:47      - Unknown word (Packmind)   -- developers and code with Packmind
	 Suggestions: [Packing, Packman, Packmen, Paramkind, Pacing]
Chart.yaml:9:11      - Unknown word (cteyton)    -- - name: cteyton
	 Suggestions: [cyton, ceylon, clayton, Ceylon, Clayton]
3/8 templates/deployment.yaml 521.87ms X
templates/deployment.yaml:43:54     - Unknown word (nindent)    -- app.resources.front | nindent 12 }}
	 Suggestions: [noindent, indent, ident, intent, findmnt]
templates/deployment.yaml:95:52     - Unknown word (nindent)    -- app.resources.api | nindent 12 }}
	 Suggestions: [noindent, indent, ident, intent, findmnt]
templates/deployment.yaml:109:52    - Unknown word (nindent)    -- app.resources.api | nindent 12 }}
	 Suggestions: [noindent, indent, ident, intent, findmnt]
templates/deployment.yaml:115:26    - Unknown word (healthcheck) -- path: /open/healthcheck/ping
	 Suggestions: [healthpeak]
templates/deployment.yaml:195:60    - Unknown word (nindent)     -- resources.suggestions | nindent 12 }}
	 Suggestions: [noindent, indent, ident, intent, findmnt]
templates/deployment.yaml:201:26    - Unknown word (healthcheck) -- path: /open/healthcheck/ping
	 Suggestions: [healthpeak]
templates/deployment.yaml:237:9     - Unknown word (aiagent)     -- name: aiagent
	 Suggestions: [agent, argent, ailment, adage, aiken]
templates/deployment.yaml:247:28    - Unknown word (aiagent)     -- replicas: {{ .Values.app.aiagent.replicas }}
	 Suggestions: [agent, argent, ailment, adage, aiken]
templates/deployment.yaml:250:18    - Unknown word (aiagent)     -- component: aiagent
	 Suggestions: [agent, argent, ailment, adage, aiken]
templates/deployment.yaml:254:20    - Unknown word (aiagent)     -- component: aiagent
	 Suggestions: [agent, argent, ailment, adage, aiken]
templates/deployment.yaml:264:32    - Unknown word (aiagent)     -- name: init-container-aiagent
	 Suggestions: [agent, argent, ailment, adage, aiken]
templates/deployment.yaml:279:56    - Unknown word (nindent)     -- resources.aiagent | nindent 12 }}
	 Suggestions: [noindent, indent, ident, intent, findmnt]
templates/deployment.yaml:285:27    - Unknown word (healthcheck) -- path: /open/healthcheck/ping
	 Suggestions: [healthpeak]
4/8 templates/ingress.yaml 467.39ms X
templates/ingress.yaml:6:9       - Unknown word (promyze)    -- name: promyze
	 Suggestions: [promise, promote, Promise, pome, prom]
templates/ingress.yaml:13:20     - Unknown word (nindent)    -- {{- toYaml . | nindent 4 }}
	 Suggestions: [noindent, indent, ident, intent, findmnt]
templates/ingress.yaml:27:23     - Unknown word (promyze)    -- name: promyze-suggestions
	 Suggestions: [promise, promote, Promise, pome, prom]
templates/ingress.yaml:34:23     - Unknown word (promyze)    -- name: promyze-suggestions
	 Suggestions: [promise, promote, Promise, pome, prom]
templates/ingress.yaml:41:23     - Unknown word (promyze)    -- name: promyze-api
	 Suggestions: [promise, promote, Promise, pome, prom]
templates/ingress.yaml:48:23     - Unknown word (promyze)    -- name: promyze-api
	 Suggestions: [promise, promote, Promise, pome, prom]
templates/ingress.yaml:66:21     - Unknown word (techcoach)  -- path: "/techcoach"
	 Suggestions: []
5/8 templates/pvc.yml 4.01ms
6/8 templates/secret.yaml 110.01ms X
templates/secret.yaml:1:63      - Unknown word (dockerconfigjson) -- Values.app.images.secret.dockerconfigjson }}
	 Suggestions: []
templates/secret.yaml:6:21      - Unknown word (dockerconfigjson) -- type: kubernetes.io/dockerconfigjson
	 Suggestions: []
templates/secret.yaml:8:4       - Unknown word (dockerconfigjson) -- .dockerconfigjson: {{ .Values.app.images
	 Suggestions: []
templates/secret.yaml:8:51      - Unknown word (dockerconfigjson) -- Values.app.images.secret.dockerconfigjson | quote }}
	 Suggestions: []
7/8 templates/service.yaml 520.85ms X
templates/service.yaml:5:9       - Unknown word (promyze)    -- name: promyze-api
	 Suggestions: [promise, promote, Promise, pome, prom]
templates/service.yaml:47:9      - Unknown word (promyze)    -- name: promyze-suggestions
	 Suggestions: [promise, promote, Promise, pome, prom]
templates/service.yaml:68:9      - Unknown word (packmind)   -- name: packmind-aiagent
	 Suggestions: [packing, packman, packmen, paramkind, pacing]
templates/service.yaml:68:18     - Unknown word (aiagent)    -- name: packmind-aiagent
	 Suggestions: [agent, argent, ailment, adage, aiken]
templates/service.yaml:70:16     - Unknown word (aiagent)    -- component: aiagent
	 Suggestions: [agent, argent, ailment, adage, aiken]
templates/service.yaml:80:16     - Unknown word (aiagent)    -- component: aiagent
	 Suggestions: [agent, argent, ailment, adage, aiken]
templates/service.yaml:89:9      - Unknown word (packmind)   -- name: packmind-redis
	 Suggestions: [packing, packman, packmen, paramkind, pacing]
8/8 values.yaml 1317.19ms X
values.yaml:3:10      - Unknown word (promyze)    -- api: promyze/promyze-api
	 Suggestions: [promise, promote, Promise, pome, prom]
values.yaml:3:18      - Unknown word (promyze)    -- api: promyze/promyze-api
	 Suggestions: [promise, promote, Promise, pome, prom]
values.yaml:4:12      - Unknown word (promyze)    -- proxy: promyze/promyze-proxy
	 Suggestions: [promise, promote, Promise, pome, prom]
values.yaml:4:20      - Unknown word (promyze)    -- proxy: promyze/promyze-proxy
	 Suggestions: [promise, promote, Promise, pome, prom]
values.yaml:5:18      - Unknown word (promyze)    -- suggestions: promyze/promyze-suggestions
	 Suggestions: [promise, promote, Promise, pome, prom]
values.yaml:6:5       - Unknown word (aiagent)    -- aiagent: promyze/packmind-ai
	 Suggestions: [agent, argent, ailment, adage, aiken]
values.yaml:6:22      - Unknown word (packmind)   -- aiagent: promyze/packmind-ai-agent
	 Suggestions: [packing, packman, packmen, paramkind, pacing]
values.yaml:11:9      - Unknown word (dockerconfigjson) -- # dockerconfigjson:
	 Suggestions: []
values.yaml:12:44     - Unknown word (Promyze)          -- annotations to add on Promyze deployments
	 Suggestions: [promise, Promise, Promote, Pome, Prom]
values.yaml:13:39     - Unknown word (Promyze)          -- annotations to add on Promyze deployments
	 Suggestions: [promise, Promise, Promote, Pome, Prom]
values.yaml:18:3      - Unknown word (aiagent)          -- aiagent:
	 Suggestions: [agent, argent, ailment, adage, aiken]
values.yaml:33:7      - Unknown word (PROMYZE)          -- # PROMYZE_URL: http://my.promyze
	 Suggestions: [PROMISE, PROMOTE, Promise, POME, PROM]
values.yaml:53:5      - Unknown word (aiagent)          -- aiagent:
	 Suggestions: [agent, argent, ailment, adage, aiken]
values.yaml:76:44     - Unknown word (Promyze)          -- annotations to add on Promyze services
	 Suggestions: [promise, Promise, Promote, Pome, Prom]
values.yaml:77:39     - Unknown word (Promyze)          -- annotations to add on Promyze services
	 Suggestions: [promise, Promise, Promote, Pome, Prom]
CSpell: Files checked: 8, Issues found: 49 in 6 files.


You can skip this misspellings by defining the following .cspell.json file at the root of your repository
Of course, please correct real typos before :)

{
    "version": "0.2",
    "language": "en",
    "ignorePaths": [
        "**/node_modules/**",
        "**/vscode-extension/**",
        "**/.git/**",
        "**/.pnpm-lock.json",
        ".vscode",
        "package-lock.json",
        "megalinter-reports"
    ],
    "words": [
        "PROMYZE",
        "Packmind",
        "Promyze",
        "aiagent",
        "cteyton",
        "dockerconfigjson",
        "healthcheck",
        "nindent",
        "packmind",
        "promyze",
        "techcoach"
    ]
}


You can also copy-paste megalinter-reports/.cspell.json at the root of your repository
